2026-02-25 06:17:27: TypeError: Cannot destructure property 'apiKey' of 'req.body' as it is undefined.
    at /home/work/whatsappapi/app.js:17:13
    at Layer.handleRequest (/home/work/whatsappapi/node_modules/router/lib/layer.js:152:17)
    at next (/home/work/whatsappapi/node_modules/router/lib/route.js:157:13)
    at Route.dispatch (/home/work/whatsappapi/node_modules/router/lib/route.js:117:3)
    at handle (/home/work/whatsappapi/node_modules/router/index.js:435:11)
    at Layer.handleRequest (/home/work/whatsappapi/node_modules/router/lib/layer.js:152:17)
    at /home/work/whatsappapi/node_modules/router/index.js:295:15
    at processParams (/home/work/whatsappapi/node_modules/router/index.js:582:12)
    at next (/home/work/whatsappapi/node_modules/router/index.js:291:5)
    at cors (/home/work/whatsappapi/node_modules/cors/lib/index.js:188:7)
2026-03-03 04:33:10: SyntaxError: Unexpected token 'a', "apiKey=6f7"... is not valid JSON
    at JSON.parse (<anonymous>)
    at createStrictSyntaxError (/home/work/whatsappapi/node_modules/body-parser/lib/types/json.js:156:10)
    at parse (/home/work/whatsappapi/node_modules/body-parser/lib/types/json.js:71:15)
    at /home/work/whatsappapi/node_modules/body-parser/lib/read.js:123:18
    at AsyncResource.runInAsyncScope (node:async_hooks:206:9)
    at invokeCallback (/home/work/whatsappapi/node_modules/raw-body/index.js:238:16)
    at done (/home/work/whatsappapi/node_modules/raw-body/index.js:227:7)
    at IncomingMessage.onEnd (/home/work/whatsappapi/node_modules/raw-body/index.js:287:7)
    at IncomingMessage.emit (node:events:514:28)
    at endReadableNT (node:internal/streams/readable:1408:12)
2026-03-03 04:33:29: SyntaxError: Unexpected token 'a', "apiKey=6f7"... is not valid JSON
    at JSON.parse (<anonymous>)
    at createStrictSyntaxError (/home/work/whatsappapi/node_modules/body-parser/lib/types/json.js:156:10)
    at parse (/home/work/whatsappapi/node_modules/body-parser/lib/types/json.js:71:15)
    at /home/work/whatsappapi/node_modules/body-parser/lib/read.js:123:18
    at AsyncResource.runInAsyncScope (node:async_hooks:206:9)
    at invokeCallback (/home/work/whatsappapi/node_modules/raw-body/index.js:238:16)
    at done (/home/work/whatsappapi/node_modules/raw-body/index.js:227:7)
    at IncomingMessage.onEnd (/home/work/whatsappapi/node_modules/raw-body/index.js:287:7)
    at IncomingMessage.emit (node:events:514:28)
    at endReadableNT (node:internal/streams/readable:1408:12)
2026-03-03 04:41:00: TypeError: Cannot destructure property 'apiKey' of 'req.body' as it is undefined.
    at /home/work/whatsappapi/app.js:17:13
    at Layer.handleRequest (/home/work/whatsappapi/node_modules/router/lib/layer.js:152:17)
    at next (/home/work/whatsappapi/node_modules/router/lib/route.js:157:13)
    at Route.dispatch (/home/work/whatsappapi/node_modules/router/lib/route.js:117:3)
    at handle (/home/work/whatsappapi/node_modules/router/index.js:435:11)
    at Layer.handleRequest (/home/work/whatsappapi/node_modules/router/lib/layer.js:152:17)
    at /home/work/whatsappapi/node_modules/router/index.js:295:15
    at processParams (/home/work/whatsappapi/node_modules/router/index.js:582:12)
    at next (/home/work/whatsappapi/node_modules/router/index.js:291:5)
    at cors (/home/work/whatsappapi/node_modules/cors/lib/index.js:188:7)
2026-03-03 04:41:11: TypeError: Cannot destructure property 'apiKey' of 'req.body' as it is undefined.
    at /home/work/whatsappapi/app.js:17:13
    at Layer.handleRequest (/home/work/whatsappapi/node_modules/router/lib/layer.js:152:17)
    at next (/home/work/whatsappapi/node_modules/router/lib/route.js:157:13)
    at Route.dispatch (/home/work/whatsappapi/node_modules/router/lib/route.js:117:3)
    at handle (/home/work/whatsappapi/node_modules/router/index.js:435:11)
    at Layer.handleRequest (/home/work/whatsappapi/node_modules/router/lib/layer.js:152:17)
    at /home/work/whatsappapi/node_modules/router/index.js:295:15
    at processParams (/home/work/whatsappapi/node_modules/router/index.js:582:12)
    at next (/home/work/whatsappapi/node_modules/router/index.js:291:5)
    at cors (/home/work/whatsappapi/node_modules/cors/lib/index.js:188:7)
2026-03-03 04:44:41: TypeError: Cannot destructure property 'apiKey' of 'req.body' as it is undefined.
    at /home/work/whatsappapi/app.js:17:13
    at Layer.handleRequest (/home/work/whatsappapi/node_modules/router/lib/layer.js:152:17)
    at next (/home/work/whatsappapi/node_modules/router/lib/route.js:157:13)
    at Route.dispatch (/home/work/whatsappapi/node_modules/router/lib/route.js:117:3)
    at handle (/home/work/whatsappapi/node_modules/router/index.js:435:11)
    at Layer.handleRequest (/home/work/whatsappapi/node_modules/router/lib/layer.js:152:17)
    at /home/work/whatsappapi/node_modules/router/index.js:295:15
    at processParams (/home/work/whatsappapi/node_modules/router/index.js:582:12)
    at next (/home/work/whatsappapi/node_modules/router/index.js:291:5)
    at cors (/home/work/whatsappapi/node_modules/cors/lib/index.js:188:7)
2026-03-03 04:50:41: TypeError: Cannot destructure property 'apiKey' of 'req.body' as it is undefined.
    at /home/work/whatsappapi/app.js:17:13
    at Layer.handleRequest (/home/work/whatsappapi/node_modules/router/lib/layer.js:152:17)
    at next (/home/work/whatsappapi/node_modules/router/lib/route.js:157:13)
    at Route.dispatch (/home/work/whatsappapi/node_modules/router/lib/route.js:117:3)
    at handle (/home/work/whatsappapi/node_modules/router/index.js:435:11)
    at Layer.handleRequest (/home/work/whatsappapi/node_modules/router/lib/layer.js:152:17)
    at /home/work/whatsappapi/node_modules/router/index.js:295:15
    at processParams (/home/work/whatsappapi/node_modules/router/index.js:582:12)
    at next (/home/work/whatsappapi/node_modules/router/index.js:291:5)
    at cors (/home/work/whatsappapi/node_modules/cors/lib/index.js:188:7)
2026-03-03 05:30:27: TypeError: Cannot destructure property 'apiKey' of 'req.body' as it is undefined.
    at /home/work/whatsappapi/app.js:17:13
    at Layer.handleRequest (/home/work/whatsappapi/node_modules/router/lib/layer.js:152:17)
    at next (/home/work/whatsappapi/node_modules/router/lib/route.js:157:13)
    at Route.dispatch (/home/work/whatsappapi/node_modules/router/lib/route.js:117:3)
    at handle (/home/work/whatsappapi/node_modules/router/index.js:435:11)
    at Layer.handleRequest (/home/work/whatsappapi/node_modules/router/lib/layer.js:152:17)
    at /home/work/whatsappapi/node_modules/router/index.js:295:15
    at processParams (/home/work/whatsappapi/node_modules/router/index.js:582:12)
    at next (/home/work/whatsappapi/node_modules/router/index.js:291:5)
    at cors (/home/work/whatsappapi/node_modules/cors/lib/index.js:188:7)
2026-03-03 05:33:06: TypeError: Cannot destructure property 'apiKey' of 'req.body' as it is undefined.
    at /home/work/whatsappapi/app.js:17:13
    at Layer.handleRequest (/home/work/whatsappapi/node_modules/router/lib/layer.js:152:17)
    at next (/home/work/whatsappapi/node_modules/router/lib/route.js:157:13)
    at Route.dispatch (/home/work/whatsappapi/node_modules/router/lib/route.js:117:3)
    at handle (/home/work/whatsappapi/node_modules/router/index.js:435:11)
    at Layer.handleRequest (/home/work/whatsappapi/node_modules/router/lib/layer.js:152:17)
    at /home/work/whatsappapi/node_modules/router/index.js:295:15
    at processParams (/home/work/whatsappapi/node_modules/router/index.js:582:12)
    at next (/home/work/whatsappapi/node_modules/router/index.js:291:5)
    at cors (/home/work/whatsappapi/node_modules/cors/lib/index.js:188:7)
2026-03-03 05:36:03: TypeError: Cannot destructure property 'apiKey' of 'req.body' as it is undefined.
    at /home/work/whatsappapi/app.js:17:13
    at Layer.handleRequest (/home/work/whatsappapi/node_modules/router/lib/layer.js:152:17)
    at next (/home/work/whatsappapi/node_modules/router/lib/route.js:157:13)
    at Route.dispatch (/home/work/whatsappapi/node_modules/router/lib/route.js:117:3)
    at handle (/home/work/whatsappapi/node_modules/router/index.js:435:11)
    at Layer.handleRequest (/home/work/whatsappapi/node_modules/router/lib/layer.js:152:17)
    at /home/work/whatsappapi/node_modules/router/index.js:295:15
    at processParams (/home/work/whatsappapi/node_modules/router/index.js:582:12)
    at next (/home/work/whatsappapi/node_modules/router/index.js:291:5)
    at cors (/home/work/whatsappapi/node_modules/cors/lib/index.js:188:7)
2026-03-03 05:40:28: TypeError: Cannot destructure property 'apiKey' of 'req.body' as it is undefined.
    at /home/work/whatsappapi/app.js:17:13
    at Layer.handleRequest (/home/work/whatsappapi/node_modules/router/lib/layer.js:152:17)
    at next (/home/work/whatsappapi/node_modules/router/lib/route.js:157:13)
    at Route.dispatch (/home/work/whatsappapi/node_modules/router/lib/route.js:117:3)
    at handle (/home/work/whatsappapi/node_modules/router/index.js:435:11)
    at Layer.handleRequest (/home/work/whatsappapi/node_modules/router/lib/layer.js:152:17)
    at /home/work/whatsappapi/node_modules/router/index.js:295:15
    at processParams (/home/work/whatsappapi/node_modules/router/index.js:582:12)
    at next (/home/work/whatsappapi/node_modules/router/index.js:291:5)
    at cors (/home/work/whatsappapi/node_modules/cors/lib/index.js:188:7)
2026-03-03 05:43:11: TypeError: Cannot destructure property 'apiKey' of 'req.body' as it is undefined.
    at /home/work/whatsappapi/app.js:17:13
    at Layer.handleRequest (/home/work/whatsappapi/node_modules/router/lib/layer.js:152:17)
    at next (/home/work/whatsappapi/node_modules/router/lib/route.js:157:13)
    at Route.dispatch (/home/work/whatsappapi/node_modules/router/lib/route.js:117:3)
    at handle (/home/work/whatsappapi/node_modules/router/index.js:435:11)
    at Layer.handleRequest (/home/work/whatsappapi/node_modules/router/lib/layer.js:152:17)
    at /home/work/whatsappapi/node_modules/router/index.js:295:15
    at processParams (/home/work/whatsappapi/node_modules/router/index.js:582:12)
    at next (/home/work/whatsappapi/node_modules/router/index.js:291:5)
    at cors (/home/work/whatsappapi/node_modules/cors/lib/index.js:188:7)
2026-03-03 05:44:17: TypeError: Cannot destructure property 'apiKey' of 'req.body' as it is undefined.
    at /home/work/whatsappapi/app.js:17:13
    at Layer.handleRequest (/home/work/whatsappapi/node_modules/router/lib/layer.js:152:17)
    at next (/home/work/whatsappapi/node_modules/router/lib/route.js:157:13)
    at Route.dispatch (/home/work/whatsappapi/node_modules/router/lib/route.js:117:3)
    at handle (/home/work/whatsappapi/node_modules/router/index.js:435:11)
    at Layer.handleRequest (/home/work/whatsappapi/node_modules/router/lib/layer.js:152:17)
    at /home/work/whatsappapi/node_modules/router/index.js:295:15
    at processParams (/home/work/whatsappapi/node_modules/router/index.js:582:12)
    at next (/home/work/whatsappapi/node_modules/router/index.js:291:5)
    at cors (/home/work/whatsappapi/node_modules/cors/lib/index.js:188:7)
2026-03-03 05:44:55: TypeError: Cannot destructure property 'apiKey' of 'req.body' as it is undefined.
    at /home/work/whatsappapi/app.js:17:13
    at Layer.handleRequest (/home/work/whatsappapi/node_modules/router/lib/layer.js:152:17)
    at next (/home/work/whatsappapi/node_modules/router/lib/route.js:157:13)
    at Route.dispatch (/home/work/whatsappapi/node_modules/router/lib/route.js:117:3)
    at handle (/home/work/whatsappapi/node_modules/router/index.js:435:11)
    at Layer.handleRequest (/home/work/whatsappapi/node_modules/router/lib/layer.js:152:17)
    at /home/work/whatsappapi/node_modules/router/index.js:295:15
    at processParams (/home/work/whatsappapi/node_modules/router/index.js:582:12)
    at next (/home/work/whatsappapi/node_modules/router/index.js:291:5)
    at cors (/home/work/whatsappapi/node_modules/cors/lib/index.js:188:7)
2026-03-03 05:49:48: TypeError: Cannot destructure property 'apiKey' of 'req.body' as it is undefined.
    at /home/work/whatsappapi/app.js:17:13
    at Layer.handleRequest (/home/work/whatsappapi/node_modules/router/lib/layer.js:152:17)
    at next (/home/work/whatsappapi/node_modules/router/lib/route.js:157:13)
    at Route.dispatch (/home/work/whatsappapi/node_modules/router/lib/route.js:117:3)
    at handle (/home/work/whatsappapi/node_modules/router/index.js:435:11)
    at Layer.handleRequest (/home/work/whatsappapi/node_modules/router/lib/layer.js:152:17)
    at /home/work/whatsappapi/node_modules/router/index.js:295:15
    at processParams (/home/work/whatsappapi/node_modules/router/index.js:582:12)
    at next (/home/work/whatsappapi/node_modules/router/index.js:291:5)
    at cors (/home/work/whatsappapi/node_modules/cors/lib/index.js:188:7)
2026-03-03 05:51:04: TypeError: Cannot destructure property 'apiKey' of 'req.body' as it is undefined.
    at /home/work/whatsappapi/app.js:17:13
    at Layer.handleRequest (/home/work/whatsappapi/node_modules/router/lib/layer.js:152:17)
    at next (/home/work/whatsappapi/node_modules/router/lib/route.js:157:13)
    at Route.dispatch (/home/work/whatsappapi/node_modules/router/lib/route.js:117:3)
    at handle (/home/work/whatsappapi/node_modules/router/index.js:435:11)
    at Layer.handleRequest (/home/work/whatsappapi/node_modules/router/lib/layer.js:152:17)
    at /home/work/whatsappapi/node_modules/router/index.js:295:15
    at processParams (/home/work/whatsappapi/node_modules/router/index.js:582:12)
    at next (/home/work/whatsappapi/node_modules/router/index.js:291:5)
    at cors (/home/work/whatsappapi/node_modules/cors/lib/index.js:188:7)
2026-03-03 05:52:08: TypeError: Cannot destructure property 'apiKey' of 'req.body' as it is undefined.
    at /home/work/whatsappapi/app.js:17:13
    at Layer.handleRequest (/home/work/whatsappapi/node_modules/router/lib/layer.js:152:17)
    at next (/home/work/whatsappapi/node_modules/router/lib/route.js:157:13)
    at Route.dispatch (/home/work/whatsappapi/node_modules/router/lib/route.js:117:3)
    at handle (/home/work/whatsappapi/node_modules/router/index.js:435:11)
    at Layer.handleRequest (/home/work/whatsappapi/node_modules/router/lib/layer.js:152:17)
    at /home/work/whatsappapi/node_modules/router/index.js:295:15
    at processParams (/home/work/whatsappapi/node_modules/router/index.js:582:12)
    at next (/home/work/whatsappapi/node_modules/router/index.js:291:5)
    at cors (/home/work/whatsappapi/node_modules/cors/lib/index.js:188:7)
2026-03-03 05:52:12: TypeError: Cannot destructure property 'apiKey' of 'req.body' as it is undefined.
    at /home/work/whatsappapi/app.js:17:13
    at Layer.handleRequest (/home/work/whatsappapi/node_modules/router/lib/layer.js:152:17)
    at next (/home/work/whatsappapi/node_modules/router/lib/route.js:157:13)
    at Route.dispatch (/home/work/whatsappapi/node_modules/router/lib/route.js:117:3)
    at handle (/home/work/whatsappapi/node_modules/router/index.js:435:11)
    at Layer.handleRequest (/home/work/whatsappapi/node_modules/router/lib/layer.js:152:17)
    at /home/work/whatsappapi/node_modules/router/index.js:295:15
    at processParams (/home/work/whatsappapi/node_modules/router/index.js:582:12)
    at next (/home/work/whatsappapi/node_modules/router/index.js:291:5)
    at cors (/home/work/whatsappapi/node_modules/cors/lib/index.js:188:7)
2026-03-03 05:52:32: TypeError: Cannot destructure property 'apiKey' of 'req.body' as it is undefined.
    at /home/work/whatsappapi/app.js:17:13
    at Layer.handleRequest (/home/work/whatsappapi/node_modules/router/lib/layer.js:152:17)
    at next (/home/work/whatsappapi/node_modules/router/lib/route.js:157:13)
    at Route.dispatch (/home/work/whatsappapi/node_modules/router/lib/route.js:117:3)
    at handle (/home/work/whatsappapi/node_modules/router/index.js:435:11)
    at Layer.handleRequest (/home/work/whatsappapi/node_modules/router/lib/layer.js:152:17)
    at /home/work/whatsappapi/node_modules/router/index.js:295:15
    at processParams (/home/work/whatsappapi/node_modules/router/index.js:582:12)
    at next (/home/work/whatsappapi/node_modules/router/index.js:291:5)
    at cors (/home/work/whatsappapi/node_modules/cors/lib/index.js:188:7)
2026-03-03 05:52:40: TypeError: Cannot destructure property 'apiKey' of 'req.body' as it is undefined.
    at /home/work/whatsappapi/app.js:17:13
    at Layer.handleRequest (/home/work/whatsappapi/node_modules/router/lib/layer.js:152:17)
    at next (/home/work/whatsappapi/node_modules/router/lib/route.js:157:13)
    at Route.dispatch (/home/work/whatsappapi/node_modules/router/lib/route.js:117:3)
    at handle (/home/work/whatsappapi/node_modules/router/index.js:435:11)
    at Layer.handleRequest (/home/work/whatsappapi/node_modules/router/lib/layer.js:152:17)
    at /home/work/whatsappapi/node_modules/router/index.js:295:15
    at processParams (/home/work/whatsappapi/node_modules/router/index.js:582:12)
    at next (/home/work/whatsappapi/node_modules/router/index.js:291:5)
    at cors (/home/work/whatsappapi/node_modules/cors/lib/index.js:188:7)
2026-03-03 05:52:50: TypeError: Cannot destructure property 'apiKey' of 'req.body' as it is undefined.
    at /home/work/whatsappapi/app.js:17:13
    at Layer.handleRequest (/home/work/whatsappapi/node_modules/router/lib/layer.js:152:17)
    at next (/home/work/whatsappapi/node_modules/router/lib/route.js:157:13)
    at Route.dispatch (/home/work/whatsappapi/node_modules/router/lib/route.js:117:3)
    at handle (/home/work/whatsappapi/node_modules/router/index.js:435:11)
    at Layer.handleRequest (/home/work/whatsappapi/node_modules/router/lib/layer.js:152:17)
    at /home/work/whatsappapi/node_modules/router/index.js:295:15
    at processParams (/home/work/whatsappapi/node_modules/router/index.js:582:12)
    at next (/home/work/whatsappapi/node_modules/router/index.js:291:5)
    at cors (/home/work/whatsappapi/node_modules/cors/lib/index.js:188:7)
2026-03-03 05:53:00: TypeError: Cannot destructure property 'apiKey' of 'req.body' as it is undefined.
    at /home/work/whatsappapi/app.js:17:13
    at Layer.handleRequest (/home/work/whatsappapi/node_modules/router/lib/layer.js:152:17)
    at next (/home/work/whatsappapi/node_modules/router/lib/route.js:157:13)
    at Route.dispatch (/home/work/whatsappapi/node_modules/router/lib/route.js:117:3)
    at handle (/home/work/whatsappapi/node_modules/router/index.js:435:11)
    at Layer.handleRequest (/home/work/whatsappapi/node_modules/router/lib/layer.js:152:17)
    at /home/work/whatsappapi/node_modules/router/index.js:295:15
    at processParams (/home/work/whatsappapi/node_modules/router/index.js:582:12)
    at next (/home/work/whatsappapi/node_modules/router/index.js:291:5)
    at cors (/home/work/whatsappapi/node_modules/cors/lib/index.js:188:7)
2026-03-03 05:53:14: TypeError: Cannot destructure property 'apiKey' of 'req.body' as it is undefined.
    at /home/work/whatsappapi/app.js:17:13
    at Layer.handleRequest (/home/work/whatsappapi/node_modules/router/lib/layer.js:152:17)
    at next (/home/work/whatsappapi/node_modules/router/lib/route.js:157:13)
    at Route.dispatch (/home/work/whatsappapi/node_modules/router/lib/route.js:117:3)
    at handle (/home/work/whatsappapi/node_modules/router/index.js:435:11)
    at Layer.handleRequest (/home/work/whatsappapi/node_modules/router/lib/layer.js:152:17)
    at /home/work/whatsappapi/node_modules/router/index.js:295:15
    at processParams (/home/work/whatsappapi/node_modules/router/index.js:582:12)
    at next (/home/work/whatsappapi/node_modules/router/index.js:291:5)
    at cors (/home/work/whatsappapi/node_modules/cors/lib/index.js:188:7)
2026-03-03 05:53:22: TypeError: Cannot destructure property 'apiKey' of 'req.body' as it is undefined.
    at /home/work/whatsappapi/app.js:17:13
    at Layer.handleRequest (/home/work/whatsappapi/node_modules/router/lib/layer.js:152:17)
    at next (/home/work/whatsappapi/node_modules/router/lib/route.js:157:13)
    at Route.dispatch (/home/work/whatsappapi/node_modules/router/lib/route.js:117:3)
    at handle (/home/work/whatsappapi/node_modules/router/index.js:435:11)
    at Layer.handleRequest (/home/work/whatsappapi/node_modules/router/lib/layer.js:152:17)
    at /home/work/whatsappapi/node_modules/router/index.js:295:15
    at processParams (/home/work/whatsappapi/node_modules/router/index.js:582:12)
    at next (/home/work/whatsappapi/node_modules/router/index.js:291:5)
    at cors (/home/work/whatsappapi/node_modules/cors/lib/index.js:188:7)
2026-03-03 05:58:54: TypeError: Cannot destructure property 'apiKey' of 'req.body' as it is undefined.
    at /home/work/whatsappapi/app.js:17:13
    at Layer.handleRequest (/home/work/whatsappapi/node_modules/router/lib/layer.js:152:17)
    at next (/home/work/whatsappapi/node_modules/router/lib/route.js:157:13)
    at Route.dispatch (/home/work/whatsappapi/node_modules/router/lib/route.js:117:3)
    at handle (/home/work/whatsappapi/node_modules/router/index.js:435:11)
    at Layer.handleRequest (/home/work/whatsappapi/node_modules/router/lib/layer.js:152:17)
    at /home/work/whatsappapi/node_modules/router/index.js:295:15
    at processParams (/home/work/whatsappapi/node_modules/router/index.js:582:12)
    at next (/home/work/whatsappapi/node_modules/router/index.js:291:5)
    at cors (/home/work/whatsappapi/node_modules/cors/lib/index.js:188:7)
2026-03-03 06:12:18: TypeError: Cannot destructure property 'apiKey' of 'req.body' as it is undefined.
    at /home/work/whatsappapi/app.js:17:13
    at Layer.handleRequest (/home/work/whatsappapi/node_modules/router/lib/layer.js:152:17)
    at next (/home/work/whatsappapi/node_modules/router/lib/route.js:157:13)
    at Route.dispatch (/home/work/whatsappapi/node_modules/router/lib/route.js:117:3)
    at handle (/home/work/whatsappapi/node_modules/router/index.js:435:11)
    at Layer.handleRequest (/home/work/whatsappapi/node_modules/router/lib/layer.js:152:17)
    at /home/work/whatsappapi/node_modules/router/index.js:295:15
    at processParams (/home/work/whatsappapi/node_modules/router/index.js:582:12)
    at next (/home/work/whatsappapi/node_modules/router/index.js:291:5)
    at cors (/home/work/whatsappapi/node_modules/cors/lib/index.js:188:7)
2026-03-03 06:13:25: TypeError: Cannot destructure property 'apiKey' of 'req.body' as it is undefined.
    at /home/work/whatsappapi/app.js:17:13
    at Layer.handleRequest (/home/work/whatsappapi/node_modules/router/lib/layer.js:152:17)
    at next (/home/work/whatsappapi/node_modules/router/lib/route.js:157:13)
    at Route.dispatch (/home/work/whatsappapi/node_modules/router/lib/route.js:117:3)
    at handle (/home/work/whatsappapi/node_modules/router/index.js:435:11)
    at Layer.handleRequest (/home/work/whatsappapi/node_modules/router/lib/layer.js:152:17)
    at /home/work/whatsappapi/node_modules/router/index.js:295:15
    at processParams (/home/work/whatsappapi/node_modules/router/index.js:582:12)
    at next (/home/work/whatsappapi/node_modules/router/index.js:291:5)
    at cors (/home/work/whatsappapi/node_modules/cors/lib/index.js:188:7)
2026-03-03 06:14:57: TypeError: Cannot destructure property 'apiKey' of 'req.body' as it is undefined.
    at /home/work/whatsappapi/app.js:17:13
    at Layer.handleRequest (/home/work/whatsappapi/node_modules/router/lib/layer.js:152:17)
    at next (/home/work/whatsappapi/node_modules/router/lib/route.js:157:13)
    at Route.dispatch (/home/work/whatsappapi/node_modules/router/lib/route.js:117:3)
    at handle (/home/work/whatsappapi/node_modules/router/index.js:435:11)
    at Layer.handleRequest (/home/work/whatsappapi/node_modules/router/lib/layer.js:152:17)
    at /home/work/whatsappapi/node_modules/router/index.js:295:15
    at processParams (/home/work/whatsappapi/node_modules/router/index.js:582:12)
    at next (/home/work/whatsappapi/node_modules/router/index.js:291:5)
    at cors (/home/work/whatsappapi/node_modules/cors/lib/index.js:188:7)
2026-03-03 06:15:47: TypeError: Cannot destructure property 'apiKey' of 'req.body' as it is undefined.
    at /home/work/whatsappapi/app.js:17:13
    at Layer.handleRequest (/home/work/whatsappapi/node_modules/router/lib/layer.js:152:17)
    at next (/home/work/whatsappapi/node_modules/router/lib/route.js:157:13)
    at Route.dispatch (/home/work/whatsappapi/node_modules/router/lib/route.js:117:3)
    at handle (/home/work/whatsappapi/node_modules/router/index.js:435:11)
    at Layer.handleRequest (/home/work/whatsappapi/node_modules/router/lib/layer.js:152:17)
    at /home/work/whatsappapi/node_modules/router/index.js:295:15
    at processParams (/home/work/whatsappapi/node_modules/router/index.js:582:12)
    at next (/home/work/whatsappapi/node_modules/router/index.js:291:5)
    at cors (/home/work/whatsappapi/node_modules/cors/lib/index.js:188:7)
2026-03-03 06:15:53: TypeError: Cannot destructure property 'apiKey' of 'req.body' as it is undefined.
    at /home/work/whatsappapi/app.js:17:13
    at Layer.handleRequest (/home/work/whatsappapi/node_modules/router/lib/layer.js:152:17)
    at next (/home/work/whatsappapi/node_modules/router/lib/route.js:157:13)
    at Route.dispatch (/home/work/whatsappapi/node_modules/router/lib/route.js:117:3)
    at handle (/home/work/whatsappapi/node_modules/router/index.js:435:11)
    at Layer.handleRequest (/home/work/whatsappapi/node_modules/router/lib/layer.js:152:17)
    at /home/work/whatsappapi/node_modules/router/index.js:295:15
    at processParams (/home/work/whatsappapi/node_modules/router/index.js:582:12)
    at next (/home/work/whatsappapi/node_modules/router/index.js:291:5)
    at cors (/home/work/whatsappapi/node_modules/cors/lib/index.js:188:7)
2026-03-03 06:16:22: TypeError: Cannot destructure property 'apiKey' of 'req.body' as it is undefined.
    at /home/work/whatsappapi/app.js:17:13
    at Layer.handleRequest (/home/work/whatsappapi/node_modules/router/lib/layer.js:152:17)
    at next (/home/work/whatsappapi/node_modules/router/lib/route.js:157:13)
    at Route.dispatch (/home/work/whatsappapi/node_modules/router/lib/route.js:117:3)
    at handle (/home/work/whatsappapi/node_modules/router/index.js:435:11)
    at Layer.handleRequest (/home/work/whatsappapi/node_modules/router/lib/layer.js:152:17)
    at /home/work/whatsappapi/node_modules/router/index.js:295:15
    at processParams (/home/work/whatsappapi/node_modules/router/index.js:582:12)
    at next (/home/work/whatsappapi/node_modules/router/index.js:291:5)
    at cors (/home/work/whatsappapi/node_modules/cors/lib/index.js:188:7)
2026-03-03 06:17:07: TypeError: Cannot destructure property 'apiKey' of 'req.body' as it is undefined.
    at /home/work/whatsappapi/app.js:17:13
    at Layer.handleRequest (/home/work/whatsappapi/node_modules/router/lib/layer.js:152:17)
    at next (/home/work/whatsappapi/node_modules/router/lib/route.js:157:13)
    at Route.dispatch (/home/work/whatsappapi/node_modules/router/lib/route.js:117:3)
    at handle (/home/work/whatsappapi/node_modules/router/index.js:435:11)
    at Layer.handleRequest (/home/work/whatsappapi/node_modules/router/lib/layer.js:152:17)
    at /home/work/whatsappapi/node_modules/router/index.js:295:15
    at processParams (/home/work/whatsappapi/node_modules/router/index.js:582:12)
    at next (/home/work/whatsappapi/node_modules/router/index.js:291:5)
    at cors (/home/work/whatsappapi/node_modules/cors/lib/index.js:188:7)
2026-03-03 06:18:27: TypeError: Cannot destructure property 'apiKey' of 'req.body' as it is undefined.
    at /home/work/whatsappapi/app.js:17:13
    at Layer.handleRequest (/home/work/whatsappapi/node_modules/router/lib/layer.js:152:17)
    at next (/home/work/whatsappapi/node_modules/router/lib/route.js:157:13)
    at Route.dispatch (/home/work/whatsappapi/node_modules/router/lib/route.js:117:3)
    at handle (/home/work/whatsappapi/node_modules/router/index.js:435:11)
    at Layer.handleRequest (/home/work/whatsappapi/node_modules/router/lib/layer.js:152:17)
    at /home/work/whatsappapi/node_modules/router/index.js:295:15
    at processParams (/home/work/whatsappapi/node_modules/router/index.js:582:12)
    at next (/home/work/whatsappapi/node_modules/router/index.js:291:5)
    at cors (/home/work/whatsappapi/node_modules/cors/lib/index.js:188:7)
2026-03-03 06:24:36: TypeError: Cannot destructure property 'apiKey' of 'req.body' as it is undefined.
    at /home/work/whatsappapi/app.js:17:13
    at Layer.handleRequest (/home/work/whatsappapi/node_modules/router/lib/layer.js:152:17)
    at next (/home/work/whatsappapi/node_modules/router/lib/route.js:157:13)
    at Route.dispatch (/home/work/whatsappapi/node_modules/router/lib/route.js:117:3)
    at handle (/home/work/whatsappapi/node_modules/router/index.js:435:11)
    at Layer.handleRequest (/home/work/whatsappapi/node_modules/router/lib/layer.js:152:17)
    at /home/work/whatsappapi/node_modules/router/index.js:295:15
    at processParams (/home/work/whatsappapi/node_modules/router/index.js:582:12)
    at next (/home/work/whatsappapi/node_modules/router/index.js:291:5)
    at cors (/home/work/whatsappapi/node_modules/cors/lib/index.js:188:7)
2026-03-03 06:26:19: TypeError: Cannot destructure property 'apiKey' of 'req.body' as it is undefined.
    at /home/work/whatsappapi/app.js:17:13
    at Layer.handleRequest (/home/work/whatsappapi/node_modules/router/lib/layer.js:152:17)
    at next (/home/work/whatsappapi/node_modules/router/lib/route.js:157:13)
    at Route.dispatch (/home/work/whatsappapi/node_modules/router/lib/route.js:117:3)
    at handle (/home/work/whatsappapi/node_modules/router/index.js:435:11)
    at Layer.handleRequest (/home/work/whatsappapi/node_modules/router/lib/layer.js:152:17)
    at /home/work/whatsappapi/node_modules/router/index.js:295:15
    at processParams (/home/work/whatsappapi/node_modules/router/index.js:582:12)
    at next (/home/work/whatsappapi/node_modules/router/index.js:291:5)
    at cors (/home/work/whatsappapi/node_modules/cors/lib/index.js:188:7)
2026-03-03 06:28:43: TypeError: Cannot destructure property 'apiKey' of 'req.body' as it is undefined.
    at /home/work/whatsappapi/app.js:17:13
    at Layer.handleRequest (/home/work/whatsappapi/node_modules/router/lib/layer.js:152:17)
    at next (/home/work/whatsappapi/node_modules/router/lib/route.js:157:13)
    at Route.dispatch (/home/work/whatsappapi/node_modules/router/lib/route.js:117:3)
    at handle (/home/work/whatsappapi/node_modules/router/index.js:435:11)
    at Layer.handleRequest (/home/work/whatsappapi/node_modules/router/lib/layer.js:152:17)
    at /home/work/whatsappapi/node_modules/router/index.js:295:15
    at processParams (/home/work/whatsappapi/node_modules/router/index.js:582:12)
    at next (/home/work/whatsappapi/node_modules/router/index.js:291:5)
    at cors (/home/work/whatsappapi/node_modules/cors/lib/index.js:188:7)
2026-03-03 06:35:44: TypeError: Cannot destructure property 'apiKey' of 'req.body' as it is undefined.
    at /home/work/whatsappapi/app.js:17:13
    at Layer.handleRequest (/home/work/whatsappapi/node_modules/router/lib/layer.js:152:17)
    at next (/home/work/whatsappapi/node_modules/router/lib/route.js:157:13)
    at Route.dispatch (/home/work/whatsappapi/node_modules/router/lib/route.js:117:3)
    at handle (/home/work/whatsappapi/node_modules/router/index.js:435:11)
    at Layer.handleRequest (/home/work/whatsappapi/node_modules/router/lib/layer.js:152:17)
    at /home/work/whatsappapi/node_modules/router/index.js:295:15
    at processParams (/home/work/whatsappapi/node_modules/router/index.js:582:12)
    at next (/home/work/whatsappapi/node_modules/router/index.js:291:5)
    at cors (/home/work/whatsappapi/node_modules/cors/lib/index.js:188:7)
2026-03-03 06:36:35: TypeError: Cannot destructure property 'apiKey' of 'req.body' as it is undefined.
    at /home/work/whatsappapi/app.js:17:13
    at Layer.handleRequest (/home/work/whatsappapi/node_modules/router/lib/layer.js:152:17)
    at next (/home/work/whatsappapi/node_modules/router/lib/route.js:157:13)
    at Route.dispatch (/home/work/whatsappapi/node_modules/router/lib/route.js:117:3)
    at handle (/home/work/whatsappapi/node_modules/router/index.js:435:11)
    at Layer.handleRequest (/home/work/whatsappapi/node_modules/router/lib/layer.js:152:17)
    at /home/work/whatsappapi/node_modules/router/index.js:295:15
    at processParams (/home/work/whatsappapi/node_modules/router/index.js:582:12)
    at next (/home/work/whatsappapi/node_modules/router/index.js:291:5)
    at cors (/home/work/whatsappapi/node_modules/cors/lib/index.js:188:7)
2026-03-03 06:38:14: TypeError: Cannot destructure property 'apiKey' of 'req.body' as it is undefined.
    at /home/work/whatsappapi/app.js:17:13
    at Layer.handleRequest (/home/work/whatsappapi/node_modules/router/lib/layer.js:152:17)
    at next (/home/work/whatsappapi/node_modules/router/lib/route.js:157:13)
    at Route.dispatch (/home/work/whatsappapi/node_modules/router/lib/route.js:117:3)
    at handle (/home/work/whatsappapi/node_modules/router/index.js:435:11)
    at Layer.handleRequest (/home/work/whatsappapi/node_modules/router/lib/layer.js:152:17)
    at /home/work/whatsappapi/node_modules/router/index.js:295:15
    at processParams (/home/work/whatsappapi/node_modules/router/index.js:582:12)
    at next (/home/work/whatsappapi/node_modules/router/index.js:291:5)
    at cors (/home/work/whatsappapi/node_modules/cors/lib/index.js:188:7)
2026-03-03 06:41:14: TypeError: Cannot destructure property 'apiKey' of 'req.body' as it is undefined.
    at /home/work/whatsappapi/app.js:17:13
    at Layer.handleRequest (/home/work/whatsappapi/node_modules/router/lib/layer.js:152:17)
    at next (/home/work/whatsappapi/node_modules/router/lib/route.js:157:13)
    at Route.dispatch (/home/work/whatsappapi/node_modules/router/lib/route.js:117:3)
    at handle (/home/work/whatsappapi/node_modules/router/index.js:435:11)
    at Layer.handleRequest (/home/work/whatsappapi/node_modules/router/lib/layer.js:152:17)
    at /home/work/whatsappapi/node_modules/router/index.js:295:15
    at processParams (/home/work/whatsappapi/node_modules/router/index.js:582:12)
    at next (/home/work/whatsappapi/node_modules/router/index.js:291:5)
    at cors (/home/work/whatsappapi/node_modules/cors/lib/index.js:188:7)
